This is pdfTeX, Version 3.1415926-2.3-1.40.12 (MiKTeX 2.9) (preloaded format=pdflatex 2016.1.10)  13 OCT 2017 23:14
entering extended mode
**J:/WISE/Ren*yu/Interpretable*asset*markets/Presentation/Interpretable_asset_m
arkets_template.tex

("J:/WISE/Ren yu/Interpretable asset markets/Presentation/Interpretable_asset_m
arkets_template.tex"
LaTeX2e <2011/06/27>
Babel <v3.8m> and hyphenation patterns for loaded.
(E:\CTEX\MiKTeX\tex\latex\beamer\beamer.cls
Document Class: beamer 2017/08/22 v3.43 A class for typesetting presentations
(E:\CTEX\MiKTeX\tex\latex\beamer\beamerbasemodes.sty
(E:\CTEX\MiKTeX\tex\latex\etoolbox\etoolbox.sty
Package: etoolbox 2011/01/03 v2.1 e-TeX tools for LaTeX

(E:\CTEX\MiKTeX\tex\latex\misc\etex.sty
Package: etex 1998/03/26 v2.0 eTeX basic definition package (PEB)
\et@xins=\count79
)
\etb@tempcnta=\count80
)
\beamer@tempbox=\box26
\beamer@tempcount=\count81
\c@beamerpauses=\count82

(E:\CTEX\MiKTeX\tex\latex\beamer\beamerbasedecode.sty
\beamer@slideinframe=\count83
\beamer@minimum=\count84
)
\beamer@commentbox=\box27
\beamer@modecount=\count85
)
(E:\CTEX\MiKTeX\tex\generic\oberdiek\ifpdf.sty
Package: ifpdf 2011/01/30 v2.3 Provides the ifpdf switch (HO)
Package ifpdf Info: pdfTeX in PDF mode is detected.
)
\headdp=\dimen102
\footheight=\dimen103
\sidebarheight=\dimen104
\beamer@tempdim=\dimen105
\beamer@finalheight=\dimen106
\beamer@animht=\dimen107
\beamer@animdp=\dimen108
\beamer@animwd=\dimen109
\beamer@leftmargin=\dimen110
\beamer@rightmargin=\dimen111
\beamer@leftsidebar=\dimen112
\beamer@rightsidebar=\dimen113
\beamer@boxsize=\dimen114
\beamer@vboxoffset=\dimen115
\beamer@descdefault=\dimen116
\beamer@descriptionwidth=\dimen117
\beamer@lastskip=\skip41
\beamer@areabox=\box28
\beamer@animcurrent=\box29
\beamer@animshowbox=\box30
\beamer@sectionbox=\box31
\beamer@logobox=\box32
\beamer@linebox=\box33
\beamer@sectioncount=\count86
\beamer@subsubsectionmax=\count87
\beamer@subsectionmax=\count88
\beamer@sectionmax=\count89
\beamer@totalheads=\count90
\beamer@headcounter=\count91
\beamer@partstartpage=\count92
\beamer@sectionstartpage=\count93
\beamer@subsectionstartpage=\count94
\beamer@animationtempa=\count95
\beamer@animationtempb=\count96
\beamer@xpos=\count97
\beamer@ypos=\count98
\beamer@showpartnumber=\count99
\beamer@currentsubsection=\count100
\beamer@coveringdepth=\count101
\beamer@sectionadjust=\count102
\beamer@tocsectionnumber=\count103

(E:\CTEX\MiKTeX\tex\latex\beamer\beamerbaseoptions.sty
(E:\CTEX\MiKTeX\tex\latex\graphics\keyval.sty
Package: keyval 1999/03/16 v1.13 key=value parser (DPC)
\KV@toks@=\toks14
))
\beamer@paperwidth=\skip42
\beamer@paperheight=\skip43

(E:\CTEX\MiKTeX\tex\latex\geometry\geometry.sty
Package: geometry 2010/09/12 v5.6 Page Geometry

(E:\CTEX\MiKTeX\tex\generic\oberdiek\ifvtex.sty
Package: ifvtex 2010/03/01 v1.5 Switches for detecting VTeX and its modes (HO)
Package ifvtex Info: VTeX not detected.
)
(E:\CTEX\MiKTeX\tex\generic\ifxetex\ifxetex.sty
Package: ifxetex 2010/09/12 v0.6 Provides ifxetex conditional
)
\Gm@cnth=\count104
\Gm@cntv=\count105
\c@Gm@tempcnt=\count106
\Gm@bindingoffset=\dimen118
\Gm@wd@mp=\dimen119
\Gm@odd@mp=\dimen120
\Gm@even@mp=\dimen121
\Gm@layoutwidth=\dimen122
\Gm@layoutheight=\dimen123
\Gm@layouthoffset=\dimen124
\Gm@layoutvoffset=\dimen125
\Gm@dimlist=\toks15

(E:\CTEX\MiKTeX\tex\latex\geometry\geometry.cfg))
(E:\CTEX\MiKTeX\tex\latex\base\size11.clo
File: size11.clo 2007/10/19 v1.4h Standard LaTeX file (size option)
)
(E:\CTEX\MiKTeX\tex\latex\pgf\basiclayer\pgfcore.sty
(E:\CTEX\MiKTeX\tex\latex\graphics\graphicx.sty
Package: graphicx 1999/02/16 v1.0f Enhanced LaTeX Graphics (DPC,SPQR)

(E:\CTEX\MiKTeX\tex\latex\graphics\graphics.sty
Package: graphics 2009/02/05 v1.0o Standard LaTeX Graphics (DPC,SPQR)

(E:\CTEX\MiKTeX\tex\latex\graphics\trig.sty
Package: trig 1999/03/16 v1.09 sin cos tan (DPC)
)
(E:\CTEX\MiKTeX\tex\latex\00miktex\graphics.cfg
File: graphics.cfg 2007/01/18 v1.5 graphics configuration of teTeX/TeXLive
)
Package graphics Info: Driver file: pdftex.def on input line 91.

(E:\CTEX\MiKTeX\tex\latex\pdftex-def\pdftex.def
File: pdftex.def 2011/05/27 v0.06d Graphics/color for pdfTeX

(E:\CTEX\MiKTeX\tex\generic\oberdiek\infwarerr.sty
Package: infwarerr 2010/04/08 v1.3 Providing info/warning/message (HO)
)
(E:\CTEX\MiKTeX\tex\generic\oberdiek\ltxcmds.sty
Package: ltxcmds 2011/04/18 v1.20 LaTeX kernel commands for general use (HO)
)
\Gread@gobject=\count107
))
\Gin@req@height=\dimen126
\Gin@req@width=\dimen127
)
(E:\CTEX\MiKTeX\tex\latex\pgf\systemlayer\pgfsys.sty
(E:\CTEX\MiKTeX\tex\latex\pgf\utilities\pgfrcs.sty
(E:\CTEX\MiKTeX\tex\generic\pgf\utilities\pgfutil-common.tex
\pgfutil@everybye=\toks16
\pgfutil@tempdima=\dimen128
\pgfutil@tempdimb=\dimen129

(E:\CTEX\MiKTeX\tex\generic\pgf\utilities\pgfutil-common-lists.tex))
(E:\CTEX\MiKTeX\tex\generic\pgf\utilities\pgfutil-latex.def
\pgfutil@abb=\box34

(E:\CTEX\MiKTeX\tex\latex\ms\everyshi.sty
Package: everyshi 2001/05/15 v3.00 EveryShipout Package (MS)
))
(E:\CTEX\MiKTeX\tex\generic\pgf\utilities\pgfrcs.code.tex
Package: pgfrcs 2015/08/07 v3.0.1a (rcs-revision 1.31)
))
(E:\CTEX\MiKTeX\tex\generic\pgf\systemlayer\pgfsys.code.tex
Package: pgfsys 2014/07/09 v3.0.1a (rcs-revision 1.48)

(E:\CTEX\MiKTeX\tex\generic\pgf\utilities\pgfkeys.code.tex
\pgfkeys@pathtoks=\toks17
\pgfkeys@temptoks=\toks18

(E:\CTEX\MiKTeX\tex\generic\pgf\utilities\pgfkeysfiltered.code.tex
\pgfkeys@tmptoks=\toks19
))
\pgf@x=\dimen130
\pgf@y=\dimen131
\pgf@xa=\dimen132
\pgf@ya=\dimen133
\pgf@xb=\dimen134
\pgf@yb=\dimen135
\pgf@xc=\dimen136
\pgf@yc=\dimen137
\w@pgf@writea=\write3
\r@pgf@reada=\read1
\c@pgf@counta=\count108
\c@pgf@countb=\count109
\c@pgf@countc=\count110
\c@pgf@countd=\count111
\t@pgf@toka=\toks20
\t@pgf@tokb=\toks21
\t@pgf@tokc=\toks22

(E:\CTEX\MiKTeX\tex\generic\pgf\systemlayer\pgf.cfg
File: pgf.cfg 2008/05/14  (rcs-revision 1.7)
)
Driver file for pgf: pgfsys-pdftex.def

(E:\CTEX\MiKTeX\tex\generic\pgf\systemlayer\pgfsys-pdftex.def
File: pgfsys-pdftex.def 2014/10/11  (rcs-revision 1.35)

(E:\CTEX\MiKTeX\tex\generic\pgf\systemlayer\pgfsys-common-pdf.def
File: pgfsys-common-pdf.def 2013/10/10  (rcs-revision 1.13)
)))
(E:\CTEX\MiKTeX\tex\generic\pgf\systemlayer\pgfsyssoftpath.code.tex
File: pgfsyssoftpath.code.tex 2013/09/09  (rcs-revision 1.9)
\pgfsyssoftpath@smallbuffer@items=\count112
\pgfsyssoftpath@bigbuffer@items=\count113
)
(E:\CTEX\MiKTeX\tex\generic\pgf\systemlayer\pgfsysprotocol.code.tex
File: pgfsysprotocol.code.tex 2006/10/16  (rcs-revision 1.4)
))
(E:\CTEX\UserData\tex\latex\xcolor\xcolor.sty
Package: xcolor 2007/01/21 v2.11 LaTeX color extensions (UK)

(E:\CTEX\MiKTeX\tex\latex\00miktex\color.cfg
File: color.cfg 2007/01/18 v1.5 color configuration of teTeX/TeXLive
)
Package xcolor Info: Driver file: pdftex.def on input line 225.
Package xcolor Info: Model `cmy' substituted by `cmy0' on input line 1337.
Package xcolor Info: Model `hsb' substituted by `rgb' on input line 1341.
Package xcolor Info: Model `RGB' extended on input line 1353.
Package xcolor Info: Model `HTML' substituted by `rgb' on input line 1355.
Package xcolor Info: Model `Hsb' substituted by `hsb' on input line 1356.
Package xcolor Info: Model `tHsb' substituted by `hsb' on input line 1357.
Package xcolor Info: Model `HSB' substituted by `hsb' on input line 1358.
Package xcolor Info: Model `Gray' substituted by `gray' on input line 1359.
Package xcolor Info: Model `wave' substituted by `hsb' on input line 1360.
)
(E:\CTEX\MiKTeX\tex\generic\pgf\basiclayer\pgfcore.code.tex
Package: pgfcore 2010/04/11 v3.0.1a (rcs-revision 1.7)

(E:\CTEX\MiKTeX\tex\generic\pgf\math\pgfmath.code.tex
(E:\CTEX\MiKTeX\tex\generic\pgf\math\pgfmathcalc.code.tex
(E:\CTEX\MiKTeX\tex\generic\pgf\math\pgfmathutil.code.tex)
(E:\CTEX\MiKTeX\tex\generic\pgf\math\pgfmathparser.code.tex
\pgfmath@dimen=\dimen138
\pgfmath@count=\count114
\pgfmath@box=\box35
\pgfmath@toks=\toks23
\pgfmath@stack@operand=\toks24
\pgfmath@stack@operation=\toks25
)
(E:\CTEX\MiKTeX\tex\generic\pgf\math\pgfmathfunctions.code.tex
(E:\CTEX\MiKTeX\tex\generic\pgf\math\pgfmathfunctions.basic.code.tex)
(E:\CTEX\MiKTeX\tex\generic\pgf\math\pgfmathfunctions.trigonometric.code.tex)
(E:\CTEX\MiKTeX\tex\generic\pgf\math\pgfmathfunctions.random.code.tex)
(E:\CTEX\MiKTeX\tex\generic\pgf\math\pgfmathfunctions.comparison.code.tex)
(E:\CTEX\MiKTeX\tex\generic\pgf\math\pgfmathfunctions.base.code.tex)
(E:\CTEX\MiKTeX\tex\generic\pgf\math\pgfmathfunctions.round.code.tex)
(E:\CTEX\MiKTeX\tex\generic\pgf\math\pgfmathfunctions.misc.code.tex)
(E:\CTEX\MiKTeX\tex\generic\pgf\math\pgfmathfunctions.integerarithmetics.code.t
ex))) (E:\CTEX\MiKTeX\tex\generic\pgf\math\pgfmathfloat.code.tex
\c@pgfmathroundto@lastzeros=\count115
))
(E:\CTEX\MiKTeX\tex\generic\pgf\basiclayer\pgfcorepoints.code.tex
File: pgfcorepoints.code.tex 2013/10/07  (rcs-revision 1.27)
\pgf@picminx=\dimen139
\pgf@picmaxx=\dimen140
\pgf@picminy=\dimen141
\pgf@picmaxy=\dimen142
\pgf@pathminx=\dimen143
\pgf@pathmaxx=\dimen144
\pgf@pathminy=\dimen145
\pgf@pathmaxy=\dimen146
\pgf@xx=\dimen147
\pgf@xy=\dimen148
\pgf@yx=\dimen149
\pgf@yy=\dimen150
\pgf@zx=\dimen151
\pgf@zy=\dimen152
)
(E:\CTEX\MiKTeX\tex\generic\pgf\basiclayer\pgfcorepathconstruct.code.tex
File: pgfcorepathconstruct.code.tex 2013/10/07  (rcs-revision 1.29)
\pgf@path@lastx=\dimen153
\pgf@path@lasty=\dimen154
)
(E:\CTEX\MiKTeX\tex\generic\pgf\basiclayer\pgfcorepathusage.code.tex
File: pgfcorepathusage.code.tex 2014/11/02  (rcs-revision 1.24)
\pgf@shorten@end@additional=\dimen155
\pgf@shorten@start@additional=\dimen156
)
(E:\CTEX\MiKTeX\tex\generic\pgf\basiclayer\pgfcorescopes.code.tex
File: pgfcorescopes.code.tex 2015/05/08  (rcs-revision 1.46)
\pgfpic=\box36
\pgf@hbox=\box37
\pgf@layerbox@main=\box38
\pgf@picture@serial@count=\count116
)
(E:\CTEX\MiKTeX\tex\generic\pgf\basiclayer\pgfcoregraphicstate.code.tex
File: pgfcoregraphicstate.code.tex 2014/11/02  (rcs-revision 1.12)
\pgflinewidth=\dimen157
)
(E:\CTEX\MiKTeX\tex\generic\pgf\basiclayer\pgfcoretransformations.code.tex
File: pgfcoretransformations.code.tex 2015/08/07  (rcs-revision 1.20)
\pgf@pt@x=\dimen158
\pgf@pt@y=\dimen159
\pgf@pt@temp=\dimen160
)
(E:\CTEX\MiKTeX\tex\generic\pgf\basiclayer\pgfcorequick.code.tex
File: pgfcorequick.code.tex 2008/10/09  (rcs-revision 1.3)
)
(E:\CTEX\MiKTeX\tex\generic\pgf\basiclayer\pgfcoreobjects.code.tex
File: pgfcoreobjects.code.tex 2006/10/11  (rcs-revision 1.2)
)
(E:\CTEX\MiKTeX\tex\generic\pgf\basiclayer\pgfcorepathprocessing.code.tex
File: pgfcorepathprocessing.code.tex 2013/09/09  (rcs-revision 1.9)
)
(E:\CTEX\MiKTeX\tex\generic\pgf\basiclayer\pgfcorearrows.code.tex
File: pgfcorearrows.code.tex 2015/05/14  (rcs-revision 1.43)
\pgfarrowsep=\dimen161
)
(E:\CTEX\MiKTeX\tex\generic\pgf\basiclayer\pgfcoreshade.code.tex
File: pgfcoreshade.code.tex 2013/07/15  (rcs-revision 1.15)
\pgf@max=\dimen162
\pgf@sys@shading@range@num=\count117
)
(E:\CTEX\MiKTeX\tex\generic\pgf\basiclayer\pgfcoreimage.code.tex
File: pgfcoreimage.code.tex 2013/07/15  (rcs-revision 1.18)

(E:\CTEX\MiKTeX\tex\generic\pgf\basiclayer\pgfcoreexternal.code.tex
File: pgfcoreexternal.code.tex 2014/07/09  (rcs-revision 1.21)
\pgfexternal@startupbox=\box39
))
(E:\CTEX\MiKTeX\tex\generic\pgf\basiclayer\pgfcorelayers.code.tex
File: pgfcorelayers.code.tex 2013/07/18  (rcs-revision 1.7)
)
(E:\CTEX\MiKTeX\tex\generic\pgf\basiclayer\pgfcoretransparency.code.tex
File: pgfcoretransparency.code.tex 2013/09/30  (rcs-revision 1.5)
)
(E:\CTEX\MiKTeX\tex\generic\pgf\basiclayer\pgfcorepatterns.code.tex
File: pgfcorepatterns.code.tex 2013/11/07  (rcs-revision 1.5)
)))
(E:\CTEX\MiKTeX\tex\latex\pgf\utilities\xxcolor.sty
Package: xxcolor 2003/10/24 ver 0.1
\XC@nummixins=\count118
\XC@countmixins=\count119
)
(E:\CTEX\MiKTeX\tex\generic\oberdiek\atbegshi.sty
Package: atbegshi 2011/01/30 v1.15 At begin shipout hook (HO)
)
(E:\CTEX\MiKTeX\tex\latex\hyperref\hyperref.sty
Package: hyperref 2012/02/06 v6.82o Hypertext links for LaTeX

(E:\CTEX\MiKTeX\tex\generic\oberdiek\hobsub-hyperref.sty
Package: hobsub-hyperref 2011/04/23 v1.4 Bundle oberdiek, subset hyperref (HO)

(E:\CTEX\MiKTeX\tex\generic\oberdiek\hobsub-generic.sty
Package: hobsub-generic 2011/04/23 v1.4 Bundle oberdiek, subset generic (HO)
Package: hobsub 2011/04/23 v1.4 Subsetting bundle oberdiek (HO)
Package hobsub Info: Skipping package `infwarerr' (already loaded).
Package hobsub Info: Skipping package `ltxcmds' (already loaded).
Package: ifluatex 2010/03/01 v1.3 Provides the ifluatex switch (HO)
Package ifluatex Info: LuaTeX not detected.
Package hobsub Info: Skipping package `ifvtex' (already loaded).
Package: intcalc 2007/09/27 v1.1 Expandable integer calculations (HO)
Package hobsub Info: Skipping package `ifpdf' (already loaded).
Package: etexcmds 2011/02/16 v1.5 Prefix for e-TeX command names (HO)
Package etexcmds Info: Could not find \expanded.
(etexcmds)             That can mean that you are not using pdfTeX 1.50 or
(etexcmds)             that some package has redefined \expanded.
(etexcmds)             In the latter case, load this package earlier.
Package: kvsetkeys 2011/04/07 v1.13 Key value parser (HO)
Package: kvdefinekeys 2011/04/07 v1.3 Defining keys (HO)
Package: pdftexcmds 2011/04/22 v0.16 Utilities of pdfTeX for LuaTeX (HO)
Package pdftexcmds Info: LuaTeX not detected.
Package pdftexcmds Info: \pdf@primitive is available.
Package pdftexcmds Info: \pdf@ifprimitive is available.
Package pdftexcmds Info: \pdfdraftmode found.
Package: pdfescape 2011/04/04 v1.12 Provides string conversions (HO)
Package: bigintcalc 2011/01/30 v1.2 Expandable big integer calculations (HO)
Package: bitset 2011/01/30 v1.1 Data type bit set (HO)
Package: uniquecounter 2011/01/30 v1.2 Provides unlimited unique counter (HO)
)
Package hobsub Info: Skipping package `hobsub' (already loaded).
Package: letltxmacro 2010/09/02 v1.4 Let assignment for LaTeX macros (HO)
Package: hopatch 2011/01/30 v1.0 Wrapper for package hooks (HO)
Package: xcolor-patch 2011/01/30 xcolor patch
Package: atveryend 2011/04/23 v1.7 Hooks at very end of document (HO)
Package hobsub Info: Skipping package `atbegshi' (already loaded).
Package: refcount 2010/12/01 v3.2 Data extraction from references (HO)
Package: hycolor 2011/01/30 v1.7 Color options of hyperref/bookmark (HO)
)
(E:\CTEX\MiKTeX\tex\latex\oberdiek\kvoptions.sty
Package: kvoptions 2010/12/23 v3.10 Keyval support for LaTeX options (HO)
)
\@linkdim=\dimen163
\Hy@linkcounter=\count120
\Hy@pagecounter=\count121

(E:\CTEX\MiKTeX\tex\latex\hyperref\pd1enc.def
File: pd1enc.def 2012/02/06 v6.82o Hyperref: PDFDocEncoding definition (HO)
)
\Hy@SavedSpaceFactor=\count122

(E:\CTEX\MiKTeX\tex\latex\00miktex\hyperref.cfg
File: hyperref.cfg 2002/06/06 v1.2 hyperref configuration of TeXLive
)
Package hyperref Info: Option `bookmarks' set `true' on input line 3925.
Package hyperref Info: Option `bookmarksopen' set `true' on input line 3925.
Package hyperref Info: Option `implicit' set `false' on input line 3925.
Package hyperref Info: Hyper figures OFF on input line 4046.
Package hyperref Info: Link nesting OFF on input line 4051.
Package hyperref Info: Hyper index ON on input line 4054.
Package hyperref Info: Plain pages OFF on input line 4061.
Package hyperref Info: Backreferencing OFF on input line 4066.
Package hyperref Info: Implicit mode OFF; no redefinition of LaTeX internals.
Package hyperref Info: Bookmarks ON on input line 4284.
\c@Hy@tempcnt=\count123

(E:\CTEX\MiKTeX\tex\latex\ltxmisc\url.sty
\Urlmuskip=\muskip10
Package: url 2006/04/12  ver 3.3  Verb mode for urls, etc.
)
LaTeX Info: Redefining \url on input line 4637.
\Fld@menulength=\count124
\Field@Width=\dimen164
\Fld@charsize=\dimen165
Package hyperref Info: Hyper figures OFF on input line 5757.
Package hyperref Info: Link nesting OFF on input line 5762.
Package hyperref Info: Hyper index ON on input line 5765.
Package hyperref Info: backreferencing OFF on input line 5772.
Package hyperref Info: Link coloring OFF on input line 5777.
Package hyperref Info: Link coloring with OCG OFF on input line 5782.
Package hyperref Info: PDF/A mode OFF on input line 5787.
LaTeX Info: Redefining \ref on input line 5827.
LaTeX Info: Redefining \pageref on input line 5831.
\Hy@abspage=\count125


Package hyperref Message: Stopped early.

)

Package hyperref Message: Driver (autodetected): hpdftex.

(E:\CTEX\MiKTeX\tex\latex\hyperref\hpdftex.def
File: hpdftex.def 2012/02/06 v6.82o Hyperref driver for pdfTeX
\Fld@listcount=\count126
\c@bookmark@seq@number=\count127

(E:\CTEX\MiKTeX\tex\latex\oberdiek\rerunfilecheck.sty
Package: rerunfilecheck 2011/04/15 v1.7 Rerun checks for auxiliary files (HO)
Package uniquecounter Info: New unique counter `rerunfilecheck' on input line 2
82.
))
(E:\CTEX\MiKTeX\tex\latex\beamer\beamerbaserequires.sty
(E:\CTEX\MiKTeX\tex\latex\beamer\beamerbasecompatibility.sty)
(E:\CTEX\MiKTeX\tex\latex\beamer\beamerbasefont.sty
(E:\CTEX\MiKTeX\tex\latex\amsfonts\amssymb.sty
Package: amssymb 2009/06/22 v3.00

(E:\CTEX\MiKTeX\tex\latex\amsfonts\amsfonts.sty
Package: amsfonts 2009/06/22 v3.00 Basic AMSFonts support
\@emptytoks=\toks26
\symAMSa=\mathgroup4
\symAMSb=\mathgroup5
LaTeX Font Info:    Overwriting math alphabet `\mathfrak' in version `bold'
(Font)                  U/euf/m/n --> U/euf/b/n on input line 96.
))
(E:\CTEX\MiKTeX\tex\latex\sansmathaccent\sansmathaccent.sty
Package: sansmathaccent 2013/03/28

(E:\CTEX\MiKTeX\tex\latex\filehook\filehook.sty
Package: filehook 2011/10/12 v0.5d Hooks for input files
)))
(E:\CTEX\MiKTeX\tex\latex\beamer\beamerbasetranslator.sty
(E:\CTEX\MiKTeX\tex\latex\beamer\translator\translator.sty
Package: translator 2010/06/12 ver 1.10

(E:\CTEX\MiKTeX\tex\latex\beamer\translator\translator-language-mappings.tex)))
(E:\CTEX\MiKTeX\tex\latex\beamer\beamerbasemisc.sty)
(E:\CTEX\MiKTeX\tex\latex\beamer\beamerbasetwoscreens.sty)
(E:\CTEX\MiKTeX\tex\latex\beamer\beamerbaseoverlay.sty
\beamer@argscount=\count128
\beamer@lastskipcover=\skip44
\beamer@trivlistdepth=\count129
)
(E:\CTEX\MiKTeX\tex\latex\beamer\beamerbasetitle.sty)
(E:\CTEX\MiKTeX\tex\latex\beamer\beamerbasesection.sty
\c@lecture=\count130
\c@part=\count131
\c@section=\count132
\c@subsection=\count133
\c@subsubsection=\count134
)
(E:\CTEX\MiKTeX\tex\latex\beamer\beamerbaseframe.sty
\beamer@framebox=\box40
\beamer@frametitlebox=\box41
\beamer@zoombox=\box42
\beamer@zoomcount=\count135
\beamer@zoomframecount=\count136
\beamer@frametextheight=\dimen166
\c@subsectionslide=\count137
\beamer@frametopskip=\skip45
\beamer@framebottomskip=\skip46
\beamer@frametopskipautobreak=\skip47
\beamer@framebottomskipautobreak=\skip48
\beamer@envbody=\toks27
\framewidth=\dimen167
\c@framenumber=\count138
)
(E:\CTEX\MiKTeX\tex\latex\beamer\beamerbaseverbatim.sty
\beamer@verbatimfileout=\write4
)
(E:\CTEX\MiKTeX\tex\latex\beamer\beamerbaseframesize.sty
\beamer@splitbox=\box43
\beamer@autobreakcount=\count139
\beamer@autobreaklastheight=\dimen168
\beamer@frametitletoks=\toks28
\beamer@framesubtitletoks=\toks29
)
(E:\CTEX\MiKTeX\tex\latex\beamer\beamerbaseframecomponents.sty
\beamer@footins=\box44
)
(E:\CTEX\MiKTeX\tex\latex\beamer\beamerbasecolor.sty
\beamer@bg@ht=\dimen169
\beamer@bg@wd=\dimen170
\beamer@bg@dp=\dimen171
)
(E:\CTEX\MiKTeX\tex\latex\beamer\beamerbasenotes.sty
\beamer@frameboxcopy=\box45
)
(E:\CTEX\MiKTeX\tex\latex\beamer\beamerbasetoc.sty)
(E:\CTEX\MiKTeX\tex\latex\beamer\beamerbasetemplates.sty
\beamer@sbttoks=\toks30

(E:\CTEX\MiKTeX\tex\latex\beamer\beamerbaseauxtemplates.sty
(E:\CTEX\MiKTeX\tex\latex\beamer\beamerbaseboxes.sty
\bmb@box=\box46
\bmb@colorbox=\box47
\bmb@boxshadow=\box48
\bmb@boxshadowball=\box49
\bmb@boxshadowballlarge=\box50
\bmb@temp=\dimen172
\bmb@dima=\dimen173
\bmb@dimb=\dimen174
\bmb@prevheight=\dimen175
)
\beamer@blockheadheight=\dimen176
))
(E:\CTEX\MiKTeX\tex\latex\beamer\beamerbaselocalstructure.sty
(E:\CTEX\MiKTeX\tex\latex\tools\enumerate.sty
Package: enumerate 1999/03/05 v3.00 enumerate extensions (DPC)
\@enLab=\toks31
)
\c@figure=\count140
\c@table=\count141
\abovecaptionskip=\skip49
\belowcaptionskip=\skip50
)
(E:\CTEX\MiKTeX\tex\latex\beamer\beamerbasenavigation.sty
\beamer@section@min@dim=\dimen177
)
(E:\CTEX\MiKTeX\tex\latex\beamer\beamerbasetheorems.sty
(E:\CTEX\MiKTeX\tex\latex\ams\math\amsmath.sty
Package: amsmath 2000/07/18 v2.13 AMS math features
\@mathmargin=\skip51

For additional information on amsmath, use the `?' option.
(E:\CTEX\MiKTeX\tex\latex\ams\math\amstext.sty
Package: amstext 2000/06/29 v2.01

(E:\CTEX\MiKTeX\tex\latex\ams\math\amsgen.sty
File: amsgen.sty 1999/11/30 v2.0
\@emptytoks=\toks32
\ex@=\dimen178
))
(E:\CTEX\MiKTeX\tex\latex\ams\math\amsbsy.sty
Package: amsbsy 1999/11/29 v1.2d
\pmbraise@=\dimen179
)
(E:\CTEX\MiKTeX\tex\latex\ams\math\amsopn.sty
Package: amsopn 1999/12/14 v2.01 operator names
)
\inf@bad=\count142
LaTeX Info: Redefining \frac on input line 211.
\uproot@=\count143
\leftroot@=\count144
LaTeX Info: Redefining \overline on input line 307.
\classnum@=\count145
\DOTSCASE@=\count146
LaTeX Info: Redefining \ldots on input line 379.
LaTeX Info: Redefining \dots on input line 382.
LaTeX Info: Redefining \cdots on input line 467.
\Mathstrutbox@=\box51
\strutbox@=\box52
\big@size=\dimen180
LaTeX Font Info:    Redeclaring font encoding OML on input line 567.
LaTeX Font Info:    Redeclaring font encoding OMS on input line 568.
\macc@depth=\count147
\c@MaxMatrixCols=\count148
\dotsspace@=\muskip11
\c@parentequation=\count149
\dspbrk@lvl=\count150
\tag@help=\toks33
\row@=\count151
\column@=\count152
\maxfields@=\count153
\andhelp@=\toks34
\eqnshift@=\dimen181
\alignsep@=\dimen182
\tagshift@=\dimen183
\tagwidth@=\dimen184
\totwidth@=\dimen185
\lineht@=\dimen186
\@envbody=\toks35
\multlinegap=\skip52
\multlinetaggap=\skip53
\mathdisplay@stack=\toks36
LaTeX Info: Redefining \[ on input line 2666.
LaTeX Info: Redefining \] on input line 2667.
)
(E:\CTEX\MiKTeX\tex\latex\ams\classes\amsthm.sty
Package: amsthm 2004/08/06 v2.20
\thm@style=\toks37
\thm@bodyfont=\toks38
\thm@headfont=\toks39
\thm@notefont=\toks40
\thm@headpunct=\toks41
\thm@preskip=\skip54
\thm@postskip=\skip55
\thm@headsep=\skip56
\dth@everypar=\toks42
)
\c@theorem=\count154
)
(E:\CTEX\MiKTeX\tex\latex\beamer\beamerbasethemes.sty))
(E:\CTEX\MiKTeX\tex\latex\beamer\themes\theme\beamerthemedefault.sty
(E:\CTEX\MiKTeX\tex\latex\beamer\themes\font\beamerfontthemedefault.sty)
(E:\CTEX\MiKTeX\tex\latex\beamer\themes\color\beamercolorthemedefault.sty)
(E:\CTEX\MiKTeX\tex\latex\beamer\themes\inner\beamerinnerthemedefault.sty
\beamer@dima=\dimen187
\beamer@dimb=\dimen188
)
(E:\CTEX\MiKTeX\tex\latex\beamer\themes\outer\beamerouterthemedefault.sty)))
(E:\CTEX\MiKTeX\tex\generic\babel\babel.sty
Package: babel 2008/07/08 v3.8m The Babel package

*************************************
* Local config file bblopts.cfg used
*
(E:\CTEX\MiKTeX\tex\latex\00miktex\bblopts.cfg
File: bblopts.cfg 2006/07/31 v1.0 MiKTeX 'babel' configuration
)
(E:\CTEX\MiKTeX\tex\latex\babel-english\english.ldf
Language: english 2017/06/06 v3.3r English support from the babel system

(E:\CTEX\MiKTeX\tex\generic\babel\babel.def
File: babel.def 2008/07/08 v3.8m Babel common definitions
LaTeX Info: Redefining \textlatin on input line 82.
\babel@savecnt=\count155
\U@D=\dimen189
)
\l@british = a dialect from \language0
\l@UKenglish = a dialect from \language0
\l@american = a dialect from \language0
\l@canadian = a dialect from \language\l@american 
\l@australian = a dialect from \language\l@british 
\l@newzealand = a dialect from \language\l@british 
))
(E:\CTEX\MiKTeX\tex\latex\base\inputenc.sty
Package: inputenc 2008/03/30 v1.1d Input encoding file
\inpenc@prehook=\toks43
\inpenc@posthook=\toks44

(E:\CTEX\MiKTeX\tex\latex\base\latin1.def
File: latin1.def 2008/03/30 v1.1d Input encoding file
))
(E:\CTEX\MiKTeX\tex\latex\psnfss\times.sty
Package: times 2005/04/12 PSNFSS-v9.2a (SPQR) 
)
(E:\CTEX\MiKTeX\tex\latex\base\fontenc.sty
Package: fontenc 2005/09/27 v1.99g Standard LaTeX package

(E:\CTEX\MiKTeX\tex\latex\base\t1enc.def
File: t1enc.def 2005/09/27 v1.99g Standard LaTeX file
LaTeX Font Info:    Redeclaring font encoding T1 on input line 43.
))
("J:\WISE\Ren yu\Interpretable asset markets\Presentation\Interpretable_asset_m
arkets_template.aux"

LaTeX Warning: Label `my-label' multiply defined.


LaTeX Warning: Label `my-label' multiply defined.


LaTeX Warning: Label `my-label' multiply defined.


LaTeX Warning: Label `my-label' multiply defined.


LaTeX Warning: Label `my-label' multiply defined.


LaTeX Warning: Label `my-label' multiply defined.


LaTeX Warning: Label `my-label' multiply defined.

)
LaTeX Font Info:    Checking defaults for OML/cmm/m/it on input line 105.
LaTeX Font Info:    ... okay on input line 105.
LaTeX Font Info:    Checking defaults for T1/cmr/m/n on input line 105.
LaTeX Font Info:    ... okay on input line 105.
LaTeX Font Info:    Checking defaults for OT1/cmr/m/n on input line 105.
LaTeX Font Info:    ... okay on input line 105.
LaTeX Font Info:    Checking defaults for OMS/cmsy/m/n on input line 105.
LaTeX Font Info:    ... okay on input line 105.
LaTeX Font Info:    Checking defaults for OMX/cmex/m/n on input line 105.
LaTeX Font Info:    ... okay on input line 105.
LaTeX Font Info:    Checking defaults for U/cmr/m/n on input line 105.
LaTeX Font Info:    ... okay on input line 105.
LaTeX Font Info:    Checking defaults for PD1/pdf/m/n on input line 105.
LaTeX Font Info:    ... okay on input line 105.
LaTeX Font Info:    Try loading font information for T1+phv on input line 105.
 (E:\CTEX\MiKTeX\tex\latex\psnfss\t1phv.fd
File: t1phv.fd 2001/06/04 scalable font definitions for T1/phv.
)
*geometry* driver: auto-detecting
*geometry* detected driver: pdftex
*geometry* verbose mode - [ preamble ] result:
* driver: pdftex
* paper: custom
* layout: <same size as paper>
* layoutoffset:(h,v)=(0.0pt,0.0pt)
* modes: includehead includefoot 
* h-part:(L,W,R)=(28.45274pt, 307.28987pt, 28.45274pt)
* v-part:(T,H,B)=(0.0pt, 273.14662pt, 0.0pt)
* \paperwidth=364.19536pt
* \paperheight=273.14662pt
* \textwidth=307.28987pt
* \textheight=244.6939pt
* \oddsidemargin=-43.81725pt
* \evensidemargin=-43.81725pt
* \topmargin=-72.26999pt
* \headheight=14.22636pt
* \headsep=0.0pt
* \topskip=11.0pt
* \footskip=14.22636pt
* \marginparwidth=4.0pt
* \marginparsep=10.0pt
* \columnsep=10.0pt
* \skip\footins=10.0pt plus 4.0pt minus 2.0pt
* \hoffset=0.0pt
* \voffset=0.0pt
* \mag=1000
* \@twocolumnfalse
* \@twosidefalse
* \@mparswitchfalse
* \@reversemarginfalse
* (1in=72.27pt=25.4mm, 1cm=28.453pt)

(E:\CTEX\MiKTeX\tex\context\base\supp-pdf.mkii
[Loading MPS to PDF converter (version 2006.09.02).]
\scratchcounter=\count156
\scratchdimen=\dimen190
\scratchbox=\box53
\nofMPsegments=\count157
\nofMParguments=\count158
\everyMPshowfont=\toks45
\MPscratchCnt=\count159
\MPscratchDim=\dimen191
\MPnumerator=\count160
\makeMPintoPDFobject=\count161
\everyMPtoPDFconversion=\toks46
) ABD: EveryShipout initializing macros
\AtBeginShipoutBox=\box54
Package hyperref Info: Link coloring OFF on input line 105.

(E:\CTEX\MiKTeX\tex\latex\hyperref\nameref.sty
Package: nameref 2010/04/30 v2.40 Cross-referencing by name of section

(E:\CTEX\MiKTeX\tex\generic\oberdiek\gettitlestring.sty
Package: gettitlestring 2010/12/03 v1.4 Cleanup title references (HO)
)
\c@section@level=\count162
)
LaTeX Info: Redefining \ref on input line 105.
LaTeX Info: Redefining \pageref on input line 105.
LaTeX Info: Redefining \nameref on input line 105.

("J:\WISE\Ren yu\Interpretable asset markets\Presentation\Interpretable_asset_m
arkets_template.out")
("J:\WISE\Ren yu\Interpretable asset markets\Presentation\Interpretable_asset_m
arkets_template.out")
\@outlinefile=\write5
LaTeX Font Info:    Overwriting symbol font `operators' in version `normal'
(Font)                  OT1/cmr/m/n --> OT1/cmss/m/n on input line 105.
LaTeX Font Info:    Overwriting symbol font `operators' in version `bold'
(Font)                  OT1/cmr/bx/n --> OT1/cmss/bx/n on input line 105.
\symnumbers=\mathgroup6
\sympureletters=\mathgroup7
LaTeX Font Info:    Overwriting math alphabet `\mathrm' in version `normal'
(Font)                  OT1/cmss/m/n --> T1/ptm/m/n on input line 105.
LaTeX Font Info:    Redeclaring math alphabet \mathbf on input line 105.
LaTeX Font Info:    Overwriting math alphabet `\mathbf' in version `normal'
(Font)                  OT1/cmr/bx/n --> T1/phv/bx/n on input line 105.
LaTeX Font Info:    Overwriting math alphabet `\mathbf' in version `bold'
(Font)                  OT1/cmr/bx/n --> T1/phv/bx/n on input line 105.
LaTeX Font Info:    Redeclaring math alphabet \mathsf on input line 105.
LaTeX Font Info:    Overwriting math alphabet `\mathsf' in version `normal'
(Font)                  OT1/cmss/m/n --> T1/phv/m/n on input line 105.
LaTeX Font Info:    Overwriting math alphabet `\mathsf' in version `bold'
(Font)                  OT1/cmss/bx/n --> T1/phv/m/n on input line 105.
LaTeX Font Info:    Redeclaring math alphabet \mathit on input line 105.
LaTeX Font Info:    Overwriting math alphabet `\mathit' in version `normal'
(Font)                  OT1/cmr/m/it --> T1/phv/m/it on input line 105.
LaTeX Font Info:    Overwriting math alphabet `\mathit' in version `bold'
(Font)                  OT1/cmr/bx/it --> T1/phv/m/it on input line 105.
LaTeX Font Info:    Redeclaring math alphabet \mathtt on input line 105.
LaTeX Font Info:    Overwriting math alphabet `\mathtt' in version `normal'
(Font)                  OT1/cmtt/m/n --> T1/pcr/m/n on input line 105.
LaTeX Font Info:    Overwriting math alphabet `\mathtt' in version `bold'
(Font)                  OT1/cmtt/m/n --> T1/pcr/m/n on input line 105.
LaTeX Font Info:    Overwriting symbol font `numbers' in version `bold'
(Font)                  T1/phv/m/n --> T1/phv/bx/n on input line 105.
LaTeX Font Info:    Overwriting symbol font `pureletters' in version `bold'
(Font)                  T1/phv/m/it --> T1/phv/bx/it on input line 105.
LaTeX Font Info:    Overwriting math alphabet `\mathrm' in version `bold'
(Font)                  OT1/cmss/bx/n --> T1/ptm/bx/n on input line 105.
LaTeX Font Info:    Overwriting math alphabet `\mathbf' in version `bold'
(Font)                  T1/phv/bx/n --> T1/phv/bx/n on input line 105.
LaTeX Font Info:    Overwriting math alphabet `\mathsf' in version `bold'
(Font)                  T1/phv/m/n --> T1/phv/bx/n on input line 105.
LaTeX Font Info:    Overwriting math alphabet `\mathit' in version `bold'
(Font)                  T1/phv/m/it --> T1/phv/bx/it on input line 105.
LaTeX Font Info:    Overwriting math alphabet `\mathtt' in version `bold'
(Font)                  T1/pcr/m/n --> T1/pcr/bx/n on input line 105.

(E:\CTEX\MiKTeX\tex\latex\beamer\translator\dicts\translator-basic-dictionary\t
ranslator-basic-dictionary-English.dict
Dictionary: translator-basic-dictionary, Language: English 
)
(E:\CTEX\MiKTeX\tex\latex\beamer\translator\dicts\translator-bibliography-dicti
onary\translator-bibliography-dictionary-English.dict
Dictionary: translator-bibliography-dictionary, Language: English 
)
(E:\CTEX\MiKTeX\tex\latex\beamer\translator\dicts\translator-environment-dictio
nary\translator-environment-dictionary-English.dict
Dictionary: translator-environment-dictionary, Language: English 
)
(E:\CTEX\MiKTeX\tex\latex\beamer\translator\dicts\translator-months-dictionary\
translator-months-dictionary-English.dict
Dictionary: translator-months-dictionary, Language: English 
)
(E:\CTEX\MiKTeX\tex\latex\beamer\translator\dicts\translator-numbers-dictionary
\translator-numbers-dictionary-English.dict
Dictionary: translator-numbers-dictionary, Language: English 
)
(E:\CTEX\MiKTeX\tex\latex\beamer\translator\dicts\translator-theorem-dictionary
\translator-theorem-dictionary-English.dict
Dictionary: translator-theorem-dictionary, Language: English 
)
("J:\WISE\Ren yu\Interpretable asset markets\Presentation\Interpretable_asset_m
arkets_template.nav") [1

{E:/CTEX/UserData/pdftex/config/pdftex.map{Unicode.sfd}{UGBK.sfd}}]
("J:\WISE\Ren yu\Interpretable asset markets\Presentation\Interpretable_asset_m
arkets_template.toc") [2

]
LaTeX Font Info:    Try loading font information for U+msa on input line 138.
 (E:\CTEX\MiKTeX\tex\latex\amsfonts\umsa.fd
File: umsa.fd 2009/06/22 v3.00 AMS symbols A
)
LaTeX Font Info:    Try loading font information for U+msb on input line 138.

(E:\CTEX\MiKTeX\tex\latex\amsfonts\umsb.fd
File: umsb.fd 2009/06/22 v3.00 AMS symbols B
)
LaTeX Font Info:    Font shape `T1/phv/m/it' in size <8> not available
(Font)              Font shape `T1/phv/m/sl' tried instead on input line 138.
LaTeX Font Info:    Font shape `T1/phv/m/it' in size <6> not available
(Font)              Font shape `T1/phv/m/sl' tried instead on input line 138.
LaTeX Font Info:    Font shape `T1/phv/m/it' in size <5> not available
(Font)              Font shape `T1/phv/m/sl' tried instead on input line 138.
LaTeX Font Info:    Font shape `T1/phv/bx/n' in size <10.95> not available
(Font)              Font shape `T1/phv/b/n' tried instead on input line 138.
 [3

] [4

] [5

]
LaTeX Font Info:    Font shape `T1/phv/m/it' in size <10.95> not available
(Font)              Font shape `T1/phv/m/sl' tried instead on input line 247.
 [6

] [7

] [8

] [9

]
[10

] [11

] [12

]pdfTeX warning (ext4): destination with the same identifier (name{my-label}) h
as been already used, duplicate ignored
<to be read again> 
                   \relax 
l.432 \end{frame}
                  [13

]
LaTeX Font Info:    Font shape `T1/phv/m/it' in size <10> not available
(Font)              Font shape `T1/phv/m/sl' tried instead on input line 522.
LaTeX Font Info:    Font shape `T1/phv/m/it' in size <7> not available
(Font)              Font shape `T1/phv/m/sl' tried instead on input line 522.
pdfTeX warning (ext4): destination with the same identifier (name{my-label}) ha
s been already used, duplicate ignored
<to be read again> 
                   \relax 
l.522 \end{frame}
                  [14

]pdfTeX warning (ext4): destination with the same identifier (name{my-label}) h
as been already used, duplicate ignored
<to be read again> 
                   \relax 
l.553 \end{frame}
                  [15

] <figure1.png, id=469, 353.06906pt x 299.61937pt>
File: figure1.png Graphic file (type png)

<use figure1.png>
Package pdftex.def Info: figure1.png used on input line 574.
(pdftex.def)             Requested size: 142.26378pt x 120.72798pt.
 <figure2.png, id=471, 360.59718pt x 301.8778pt>
File: figure2.png Graphic file (type png)

<use figure2.png>
Package pdftex.def Info: figure2.png used on input line 574.
(pdftex.def)             Requested size: 142.26378pt x 119.09532pt.
 [16

 <J:/WISE/Ren yu/Interpretable asset markets/Presentation/figure1.png> <J:/WISE
/Ren yu/Interpretable asset markets/Presentation/figure2.png>] [17

]pdfTeX warning (ext4): destination with the same identifier (name{my-label}) h
as been already used, duplicate ignored
<to be read again> 
                   \relax 
l.623 \end{frame}
                  [18

] [19

]pdfTeX warning (ext4): destination with the same identifier (name{my-label}) h
as been already used, duplicate ignored
<to be read again> 
                   \relax 
l.675 \end{frame}
                  [20

] [21

]pdfTeX warning (ext4): destination with the same identifier (name{my-label}) h
as been already used, duplicate ignored
<to be read again> 
                   \relax 
l.719 \end{frame}
                  [22

] [23

]pdfTeX warning (ext4): destination with the same identifier (name{my-label}) h
as been already used, duplicate ignored
<to be read again> 
                   \relax 
l.758 \end{frame}
                  [24

] [25

]
\tf@nav=\write6
\tf@toc=\write7
\tf@snm=\write8
Package atveryend Info: Empty hook `BeforeClearDocument' on input line 800.
Package atveryend Info: Empty hook `AfterLastShipout' on input line 800.

("J:\WISE\Ren yu\Interpretable asset markets\Presentation\Interpretable_asset_m
arkets_template.aux")
Package atveryend Info: Executing hook `AtVeryEndDocument' on input line 800.
Package atveryend Info: Executing hook `AtEndAfterFileList' on input line 800.
Package rerunfilecheck Info: File `Interpretable_asset_markets_template.out' ha
s not changed.
(rerunfilecheck)             Checksum: 47121336BB4F0F6184A39FAB172F58BD;823.


LaTeX Warning: There were multiply-defined labels.

 ) 
Here is how much of TeX's memory you used:
 17351 strings out of 495354
 321158 string characters out of 3183859
 407276 words of memory out of 3000000
 20030 multiletter control sequences out of 15000+200000
 57652 words of font info for 76 fonts, out of 3000000 for 9000
 14 hyphenation exceptions out of 8191
 56i,14n,55p,859b,551s stack positions out of 5000i,500n,10000p,200000b,50000s
{E:/CTEX/MiKTeX/fonts/enc/dvips/fontname/8r.enc}<E:/CTEX/MiKTeX/fonts/type1/p
ublic/amsfonts/cm/cmex10.pfb><E:/CTEX/MiKTeX/fonts/type1/public/amsfonts/cmextr
a/cmex7.pfb><E:/CTEX/MiKTeX/fonts/type1/public/amsfonts/cmextra/cmex8.pfb><E:/C
TEX/MiKTeX/fonts/type1/public/amsfonts/cm/cmmi10.pfb><E:/CTEX/MiKTeX/fonts/type
1/public/amsfonts/cm/cmmi5.pfb><E:/CTEX/MiKTeX/fonts/type1/public/amsfonts/cm/c
mmi6.pfb><E:/CTEX/MiKTeX/fonts/type1/public/amsfonts/cm/cmmi7.pfb><E:/CTEX/MiKT
eX/fonts/type1/public/amsfonts/cm/cmmi8.pfb><E:/CTEX/MiKTeX/fonts/type1/public/
amsfonts/cm/cmss10.pfb><E:/CTEX/MiKTeX/fonts/type1/public/amsfonts/cm/cmss8.pfb
><E:/CTEX/MiKTeX/fonts/type1/public/amsfonts/cm/cmsy10.pfb><E:/CTEX/MiKTeX/font
s/type1/public/amsfonts/cm/cmsy5.pfb><E:/CTEX/MiKTeX/fonts/type1/public/amsfont
s/cm/cmsy6.pfb><E:/CTEX/MiKTeX/fonts/type1/public/amsfonts/cm/cmsy7.pfb><E:/CTE
X/MiKTeX/fonts/type1/public/amsfonts/cm/cmsy8.pfb><E:/CTEX/MiKTeX/fonts/type1/p
ublic/amsfonts/symbols/msam10.pfb><E:/CTEX/MiKTeX/fonts/type1/urw/helvetic/uhvb
8a.pfb><E:/CTEX/MiKTeX/fonts/type1/urw/helvetic/uhvr8a.pfb><E:/CTEX/MiKTeX/font
s/type1/urw/helvetic/uhvro8a.pfb>
Output written on Interpretable_asset_markets_template.pdf (25 pages, 346570 by
tes).
PDF statistics:
 799 PDF objects out of 1000 (max. 8388607)
 64 named destinations out of 1000 (max. 500000)
 141 words of extra memory for PDF output out of 10000 (max. 10000000)

